2013-08-16 10:13:34 [INFO] Starting integrated minecraft server version 1.4.7
2013-08-16 10:13:34 [INFO] Generating keypair
2013-08-16 10:13:35 [INFO] Preparing start region for level 0
2013-08-16 10:13:36 [INFO] Preparing spawn area: 83%
2013-08-16 10:13:37 [INFO] PowerHugus[/127.0.0.1:0] logged in with entity id 322 at (-221.01502549174742, 73.0, 254.18383847303406)
2013-08-16 10:13:48 [INFO] Saving and pausing game...
2013-08-16 10:13:48 [INFO] Saving chunks for level 'New World'/Overworld
2013-08-16 10:13:48 [INFO] Saving chunks for level 'New World'/Nether
2013-08-16 10:13:48 [INFO] Saving chunks for level 'New World'/The End
2013-08-16 10:13:48 [INFO] Saving chunks for level 'New World'/Twilight Forest
2013-08-16 10:14:12 [INFO] Giving PowerHugus 64 of Reactor Chamber
2013-08-16 10:15:18 [INFO] Giving PowerHugus 64 of Thermal Monitor
2013-08-16 10:15:25 [INFO] Giving PowerHugus 64 of Redstone
2013-08-16 10:16:23 [INFO] Giving PowerHugus infinite Quad Uranium Cell
2013-08-16 10:16:24 [INFO] Giving PowerHugus infinite Quad Uranium Cell
2013-08-16 10:16:24 [INFO] Giving PowerHugus infinite Quad Uranium Cell
2013-08-16 10:16:25 [INFO] Giving PowerHugus infinite Quad Uranium Cell
2013-08-16 10:16:25 [INFO] Giving PowerHugus infinite Quad Uranium Cell
2013-08-16 10:16:26 [INFO] Giving PowerHugus infinite Quad Uranium Cell
2013-08-16 10:16:54 [INFO] Giving PowerHugus 1 of Thermometer
2013-08-16 10:17:31 [INFO] Giving PowerHugus infinite 360k NaK Coolantcell Stored Heat: 0
2013-08-16 10:17:32 [INFO] Giving PowerHugus 1 of 360k NaK Coolantcell Stored Heat: 0
2013-08-16 10:17:32 [INFO] Giving PowerHugus 1 of 360k NaK Coolantcell Stored Heat: 0
2013-08-16 10:17:32 [INFO] Giving PowerHugus 1 of 360k NaK Coolantcell Stored Heat: 0
2013-08-16 10:17:43 [INFO] Giving PowerHugus infinite 60k Coolant Cell
2013-08-16 10:17:44 [INFO] Giving PowerHugus infinite 60k Coolant Cell
2013-08-16 10:17:44 [INFO] Giving PowerHugus infinite 60k Coolant Cell
2013-08-16 10:17:44 [INFO] Giving PowerHugus infinite 60k Coolant Cell
2013-08-16 10:17:46 [INFO] Giving PowerHugus infinite 60k Coolant Cell
2013-08-16 10:17:46 [INFO] Giving PowerHugus infinite 60k Coolant Cell
2013-08-16 10:17:46 [INFO] Giving PowerHugus infinite 60k Coolant Cell
2013-08-16 10:18:06 [INFO] Giving PowerHugus 1 of 30k Coolant Cell
2013-08-16 10:19:03 [INFO] Giving PowerHugus 1 of Uranium Cell
2013-08-16 10:19:04 [INFO] Giving PowerHugus 1 of Uranium Cell
2013-08-16 10:19:04 [INFO] Giving PowerHugus 1 of Uranium Cell
2013-08-16 10:19:05 [INFO] Giving PowerHugus 1 of Uranium Cell
2013-08-16 10:19:11 [INFO] Giving PowerHugus infinite 60k Coolant Cell
2013-08-16 10:19:11 [INFO] Giving PowerHugus infinite 60k Coolant Cell
2013-08-16 10:19:12 [INFO] Giving PowerHugus infinite 60k Coolant Cell
2013-08-16 10:19:12 [INFO] Giving PowerHugus infinite 60k Coolant Cell
2013-08-16 10:19:14 [INFO] Giving PowerHugus infinite 60k Coolant Cell
2013-08-16 10:19:14 [INFO] Giving PowerHugus infinite 60k Coolant Cell
2013-08-16 10:19:14 [INFO] Giving PowerHugus infinite 60k Coolant Cell
2013-08-16 10:19:14 [INFO] Giving PowerHugus infinite 60k Coolant Cell
2013-08-16 10:20:06 [INFO] Giving PowerHugus 64 of MFSU
2013-08-16 10:20:09 [INFO] Giving PowerHugus 64 of MFSU
2013-08-16 10:20:11 [INFO] Giving PowerHugus 64 of MFSU
2013-08-16 10:20:45 [INFO] Giving PowerHugus 64 of Glass Fibre Cable
2013-08-16 10:22:02 [INFO] Giving PowerHugus 64 of Water Mill
2013-08-16 10:22:59 [INFO] Giving PowerHugus 1 of Water Bucket
2013-08-16 10:23:24 [INFO] Giving PowerHugus 1 of Pump
2013-08-16 10:23:25 [INFO] Giving PowerHugus 64 of Pump
2013-08-16 10:23:37 [INFO] Giving PowerHugus 1 of Cobblestone Waterproof Pipe
2013-08-16 10:23:39 [INFO] Giving PowerHugus 64 of Stone Waterproof Pipe
2013-08-16 10:24:01 [INFO] Giving PowerHugus 64 of Redstone Engine
2013-08-16 10:24:40 [INFO] Giving PowerHugus 64 of Redstone Torch
2013-08-16 10:24:54 [INFO] Giving PowerHugus 64 of Lever
2013-08-16 10:25:47 [INFO] Giving PowerHugus 64 of Iron Tank Valve Multi-Block: Variable Size
2013-08-16 10:25:50 [INFO] Giving PowerHugus 64 of Quantum Tank With a capacity of 488.28125 Chunks!
2013-08-16 10:25:54 [INFO] Giving PowerHugus 64 of Iron Tank Valve Multi-Block: Variable Size
2013-08-16 10:25:57 [INFO] Giving PowerHugus 64 of Iron Tank Wall Multi-Block: Variable Size
2013-08-16 10:27:57 [INFO] Giving PowerHugus 1 of Wand of Excavation
2013-08-16 10:33:03 [INFO] Giving PowerHugus 64 of Iron Tank Gauge Multi-Block: Variable Size
2013-08-16 10:40:52 [INFO] Giving PowerHugus 64 of Cobblestone Waterproof Pipe
2013-08-16 10:47:06 [INFO] Giving PowerHugus 64 of Cobblestone Transport Pipe
2013-08-16 10:50:24 [INFO] Saving and pausing game...
2013-08-16 10:50:24 [INFO] Saving chunks for level 'New World'/Overworld
2013-08-16 10:50:24 [INFO] Saving chunks for level 'New World'/Nether
2013-08-16 10:50:24 [INFO] Saving chunks for level 'New World'/The End
2013-08-16 10:50:24 [INFO] Saving chunks for level 'New World'/Twilight Forest
2013-08-16 10:52:51 [INFO] Saving and pausing game...
2013-08-16 10:52:51 [INFO] Saving chunks for level 'New World'/Overworld
2013-08-16 10:52:51 [INFO] Saving chunks for level 'New World'/Nether
2013-08-16 10:52:51 [INFO] Saving chunks for level 'New World'/The End
2013-08-16 10:52:51 [INFO] Saving chunks for level 'New World'/Twilight Forest
2013-08-16 10:54:19 [INFO] Saving and pausing game...
2013-08-16 10:54:19 [INFO] Saving chunks for level 'New World'/Overworld
2013-08-16 10:54:19 [INFO] Saving chunks for level 'New World'/Nether
2013-08-16 10:54:19 [INFO] Saving chunks for level 'New World'/The End
2013-08-16 10:54:19 [INFO] Saving chunks for level 'New World'/Twilight Forest
2013-08-16 10:56:37 [INFO] Saving and pausing game...
2013-08-16 10:56:37 [INFO] Saving chunks for level 'New World'/Overworld
2013-08-16 10:56:37 [INFO] Saving chunks for level 'New World'/Nether
2013-08-16 10:56:37 [INFO] Saving chunks for level 'New World'/The End
2013-08-16 10:56:37 [INFO] Saving chunks for level 'New World'/Twilight Forest
2013-08-16 10:56:39 [INFO] Saving and pausing game...
2013-08-16 10:56:39 [INFO] Saving chunks for level 'New World'/Overworld
2013-08-16 10:56:39 [INFO] Saving chunks for level 'New World'/Nether
2013-08-16 10:56:39 [INFO] Saving chunks for level 'New World'/The End
2013-08-16 10:56:39 [INFO] Saving chunks for level 'New World'/Twilight Forest
2013-08-16 10:56:41 [INFO] Stopping server
2013-08-16 10:56:41 [INFO] Saving players
2013-08-16 10:56:41 [INFO] Saving worlds
2013-08-16 10:56:41 [INFO] Saving chunks for level 'New World'/Overworld
2013-08-16 10:56:41 [INFO] Saving chunks for level 'New World'/Nether
2013-08-16 10:56:41 [INFO] Saving chunks for level 'New World'/The End
2013-08-16 10:56:41 [INFO] Saving chunks for level 'New World'/Twilight Forest
2013-09-01 20:17:18 [INFO] Starting integrated minecraft server version 1.4.7
2013-09-01 20:17:18 [INFO] Generating keypair
2013-09-01 20:17:19 [INFO] Converting map!
2013-09-01 20:17:22 [INFO] Preparing start region for level 0
2013-09-01 20:17:23 [INFO] Preparing spawn area: 11%
2013-09-01 20:17:24 [INFO] Preparing spawn area: 30%
2013-09-01 20:17:25 [INFO] Preparing spawn area: 49%
2013-09-01 20:17:26 [INFO] Preparing spawn area: 68%
2013-09-01 20:17:27 [INFO] Preparing spawn area: 90%
2013-09-01 20:17:27 [INFO] Damage Indicators Mod v.2.4.8 is out of date. v.2.9.0.0 is now available.
2013-09-01 20:17:27 [INFO] PowerHugus[/127.0.0.1:0] logged in with entity id 230 at (-238.5, 65.62000000476837, 254.5)
2013-09-01 20:17:31 [INFO] Saving and pausing game...
2013-09-01 20:17:31 [INFO] Saving chunks for level 'New World'/Overworld
2013-09-01 20:17:35 [INFO] Saving chunks for level 'New World'/Nether
2013-09-01 20:17:35 [INFO] Saving chunks for level 'New World'/The End
2013-09-01 20:17:35 [INFO] Saving chunks for level 'New World'/Vethea
2013-09-01 20:17:35 [INFO] Saving chunks for level 'New World'/Iceika
2013-09-01 20:17:35 [INFO] Saving chunks for level 'New World'/Arcana
2013-09-01 20:17:35 [INFO] Saving chunks for level 'New World'/Augite
2013-09-01 20:17:35 [INFO] Saving chunks for level 'New World'/Mythril
2013-09-01 20:17:35 [INFO] Saving chunks for level 'New World'/Uvite
2013-09-01 20:17:35 [INFO] Saving chunks for level 'New World'/Azurite
2013-09-01 20:17:35 [INFO] Saving chunks for level 'New World'/Dravite
2013-09-01 20:17:35 [WARNING] Can't keep up! Did the system time change, or is the server overloaded?
2013-09-01 20:17:47 [INFO] Saving and pausing game...
2013-09-01 20:17:47 [INFO] Saving chunks for level 'New World'/Overworld
2013-09-01 20:17:48 [INFO] Saving chunks for level 'New World'/Nether
2013-09-01 20:17:48 [INFO] Saving chunks for level 'New World'/The End
2013-09-01 20:17:48 [INFO] Saving chunks for level 'New World'/Vethea
2013-09-01 20:17:48 [INFO] Saving chunks for level 'New World'/Iceika
2013-09-01 20:17:48 [INFO] Saving chunks for level 'New World'/Arcana
2013-09-01 20:17:48 [INFO] Saving chunks for level 'New World'/Augite
2013-09-01 20:17:48 [INFO] Saving chunks for level 'New World'/Mythril
2013-09-01 20:17:48 [INFO] Saving chunks for level 'New World'/Uvite
2013-09-01 20:17:48 [INFO] Saving chunks for level 'New World'/Azurite
2013-09-01 20:17:48 [INFO] Saving chunks for level 'New World'/Dravite
2013-09-01 20:18:55 [INFO] Giving PowerHugus 1 of Bedrock Sword 13 Melee Damage 14000 Uses
2013-09-01 20:19:09 [INFO] Saving and pausing game...
2013-09-01 20:19:09 [INFO] Saving chunks for level 'New World'/Overworld
2013-09-01 20:19:09 [INFO] Saving chunks for level 'New World'/Nether
2013-09-01 20:19:09 [INFO] Saving chunks for level 'New World'/The End
2013-09-01 20:19:09 [INFO] Saving chunks for level 'New World'/Vethea
2013-09-01 20:19:09 [INFO] Saving chunks for level 'New World'/Iceika
2013-09-01 20:19:09 [INFO] Saving chunks for level 'New World'/Arcana
2013-09-01 20:19:09 [INFO] Saving chunks for level 'New World'/Augite
2013-09-01 20:19:09 [INFO] Saving chunks for level 'New World'/Mythril
2013-09-01 20:19:09 [INFO] Saving chunks for level 'New World'/Uvite
2013-09-01 20:19:09 [INFO] Saving chunks for level 'New World'/Azurite
2013-09-01 20:19:09 [INFO] Saving chunks for level 'New World'/Dravite
2013-09-01 20:19:15 [INFO] Saving and pausing game...
2013-09-01 20:19:15 [INFO] Saving chunks for level 'New World'/Overworld
2013-09-01 20:19:15 [INFO] Saving chunks for level 'New World'/Nether
2013-09-01 20:19:15 [INFO] Saving chunks for level 'New World'/The End
2013-09-01 20:19:15 [INFO] Saving chunks for level 'New World'/Vethea
2013-09-01 20:19:15 [INFO] Saving chunks for level 'New World'/Iceika
2013-09-01 20:19:15 [INFO] Saving chunks for level 'New World'/Arcana
2013-09-01 20:19:15 [INFO] Saving chunks for level 'New World'/Augite
2013-09-01 20:19:15 [INFO] Saving chunks for level 'New World'/Mythril
2013-09-01 20:19:15 [INFO] Saving chunks for level 'New World'/Uvite
2013-09-01 20:19:15 [INFO] Saving chunks for level 'New World'/Azurite
2013-09-01 20:19:15 [INFO] Saving chunks for level 'New World'/Dravite
2013-09-01 20:19:30 [INFO] Saving and pausing game...
2013-09-01 20:19:30 [INFO] Saving chunks for level 'New World'/Overworld
2013-09-01 20:19:30 [INFO] Saving chunks for level 'New World'/Nether
2013-09-01 20:19:30 [INFO] Saving chunks for level 'New World'/The End
2013-09-01 20:19:30 [INFO] Saving chunks for level 'New World'/Vethea
2013-09-01 20:19:30 [INFO] Saving chunks for level 'New World'/Iceika
2013-09-01 20:19:30 [INFO] Saving chunks for level 'New World'/Arcana
2013-09-01 20:19:30 [INFO] Saving chunks for level 'New World'/Augite
2013-09-01 20:19:30 [INFO] Saving chunks for level 'New World'/Mythril
2013-09-01 20:19:30 [INFO] Saving chunks for level 'New World'/Uvite
2013-09-01 20:19:30 [INFO] Saving chunks for level 'New World'/Azurite
2013-09-01 20:19:30 [INFO] Saving chunks for level 'New World'/Dravite
2013-09-01 20:22:03 [INFO] Saving and pausing game...
2013-09-01 20:22:03 [INFO] Saving chunks for level 'New World'/Overworld
2013-09-01 20:22:03 [INFO] Saving chunks for level 'New World'/Nether
2013-09-01 20:22:03 [INFO] Saving chunks for level 'New World'/The End
2013-09-01 20:22:03 [INFO] Saving chunks for level 'New World'/Vethea
2013-09-01 20:22:03 [INFO] Saving chunks for level 'New World'/Iceika
2013-09-01 20:22:03 [INFO] Saving chunks for level 'New World'/Arcana
2013-09-01 20:22:03 [INFO] Saving chunks for level 'New World'/Augite
2013-09-01 20:22:03 [INFO] Saving chunks for level 'New World'/Mythril
2013-09-01 20:22:03 [INFO] Saving chunks for level 'New World'/Uvite
2013-09-01 20:22:03 [INFO] Saving chunks for level 'New World'/Azurite
2013-09-01 20:22:03 [INFO] Saving chunks for level 'New World'/Dravite
2013-09-01 20:23:13 [INFO] Saving and pausing game...
2013-09-01 20:23:13 [INFO] Saving chunks for level 'New World'/Overworld
2013-09-01 20:23:13 [INFO] Saving chunks for level 'New World'/Nether
2013-09-01 20:23:13 [INFO] Saving chunks for level 'New World'/The End
2013-09-01 20:23:13 [INFO] Saving chunks for level 'New World'/Vethea
2013-09-01 20:23:13 [INFO] Saving chunks for level 'New World'/Iceika
2013-09-01 20:23:13 [INFO] Saving chunks for level 'New World'/Arcana
2013-09-01 20:23:13 [INFO] Saving chunks for level 'New World'/Augite
2013-09-01 20:23:13 [INFO] Saving chunks for level 'New World'/Mythril
2013-09-01 20:23:13 [INFO] Saving chunks for level 'New World'/Uvite
2013-09-01 20:23:13 [INFO] Saving chunks for level 'New World'/Azurite
2013-09-01 20:23:13 [INFO] Saving chunks for level 'New World'/Dravite
2013-09-01 20:23:53 [INFO] Saving and pausing game...
2013-09-01 20:23:53 [INFO] Saving chunks for level 'New World'/Overworld
2013-09-01 20:23:53 [INFO] Saving chunks for level 'New World'/Nether
2013-09-01 20:23:53 [INFO] Saving chunks for level 'New World'/The End
2013-09-01 20:23:53 [INFO] Saving chunks for level 'New World'/Vethea
2013-09-01 20:23:53 [INFO] Saving chunks for level 'New World'/Iceika
2013-09-01 20:23:53 [INFO] Saving chunks for level 'New World'/Arcana
2013-09-01 20:23:53 [INFO] Saving chunks for level 'New World'/Augite
2013-09-01 20:23:53 [INFO] Saving chunks for level 'New World'/Mythril
2013-09-01 20:23:53 [INFO] Saving chunks for level 'New World'/Uvite
2013-09-01 20:23:53 [INFO] Saving chunks for level 'New World'/Azurite
2013-09-01 20:23:53 [INFO] Saving chunks for level 'New World'/Dravite
2013-09-01 20:24:01 [INFO] Saving and pausing game...
2013-09-01 20:24:01 [INFO] Saving chunks for level 'New World'/Overworld
2013-09-01 20:24:01 [INFO] Saving chunks for level 'New World'/Nether
2013-09-01 20:24:01 [INFO] Saving chunks for level 'New World'/The End
2013-09-01 20:24:01 [INFO] Saving chunks for level 'New World'/Vethea
2013-09-01 20:24:01 [INFO] Saving chunks for level 'New World'/Iceika
2013-09-01 20:24:01 [INFO] Saving chunks for level 'New World'/Arcana
2013-09-01 20:24:01 [INFO] Saving chunks for level 'New World'/Augite
2013-09-01 20:24:01 [INFO] Saving chunks for level 'New World'/Mythril
2013-09-01 20:24:01 [INFO] Saving chunks for level 'New World'/Uvite
2013-09-01 20:24:01 [INFO] Saving chunks for level 'New World'/Azurite
2013-09-01 20:24:01 [INFO] Saving chunks for level 'New World'/Dravite
2013-09-01 20:24:19 [INFO] Saving and pausing game...
2013-09-01 20:24:19 [INFO] Saving chunks for level 'New World'/Overworld
2013-09-01 20:24:19 [INFO] Saving chunks for level 'New World'/Nether
2013-09-01 20:24:19 [INFO] Saving chunks for level 'New World'/The End
2013-09-01 20:24:19 [INFO] Saving chunks for level 'New World'/Vethea
2013-09-01 20:24:19 [INFO] Saving chunks for level 'New World'/Iceika
2013-09-01 20:24:19 [INFO] Saving chunks for level 'New World'/Arcana
2013-09-01 20:24:19 [INFO] Saving chunks for level 'New World'/Augite
2013-09-01 20:24:19 [INFO] Saving chunks for level 'New World'/Mythril
2013-09-01 20:24:19 [INFO] Saving chunks for level 'New World'/Uvite
2013-09-01 20:24:19 [INFO] Saving chunks for level 'New World'/Azurite
2013-09-01 20:24:19 [INFO] Saving chunks for level 'New World'/Dravite
2013-09-01 20:33:03 [INFO] Saving and pausing game...
2013-09-01 20:33:03 [INFO] Saving chunks for level 'New World'/Overworld
2013-09-01 20:33:03 [INFO] Saving chunks for level 'New World'/Nether
2013-09-01 20:33:03 [INFO] Saving chunks for level 'New World'/The End
2013-09-01 20:33:03 [INFO] Saving chunks for level 'New World'/Vethea
2013-09-01 20:33:03 [INFO] Saving chunks for level 'New World'/Iceika
2013-09-01 20:33:03 [INFO] Saving chunks for level 'New World'/Arcana
2013-09-01 20:33:03 [INFO] Saving chunks for level 'New World'/Augite
2013-09-01 20:33:03 [INFO] Saving chunks for level 'New World'/Mythril
2013-09-01 20:33:03 [INFO] Saving chunks for level 'New World'/Uvite
2013-09-01 20:33:03 [INFO] Saving chunks for level 'New World'/Azurite
2013-09-01 20:33:03 [INFO] Saving chunks for level 'New World'/Dravite
2013-09-01 20:33:06 [INFO] Stopping server
2013-09-01 20:33:06 [INFO] Saving players
2013-09-01 20:33:06 [INFO] Saving worlds
2013-09-01 20:33:06 [INFO] Saving chunks for level 'New World'/Overworld
2013-09-01 20:33:06 [INFO] Saving chunks for level 'New World'/Nether
2013-09-01 20:33:06 [INFO] Saving chunks for level 'New World'/The End
2013-09-01 20:33:06 [INFO] Saving chunks for level 'New World'/Vethea
2013-09-01 20:33:06 [INFO] Saving chunks for level 'New World'/Iceika
2013-09-01 20:33:06 [INFO] Saving chunks for level 'New World'/Arcana
2013-09-01 20:33:06 [INFO] Saving chunks for level 'New World'/Augite
2013-09-01 20:33:06 [INFO] Saving chunks for level 'New World'/Mythril
2013-09-01 20:33:06 [INFO] Saving chunks for level 'New World'/Uvite
2013-09-01 20:33:06 [INFO] Saving chunks for level 'New World'/Azurite
2013-09-01 20:33:06 [INFO] Saving chunks for level 'New World'/Dravite
2013-09-01 20:59:37 [INFO] Starting integrated minecraft server version 1.4.7
2013-09-01 20:59:37 [INFO] Generating keypair
2013-09-01 20:59:38 [INFO] Preparing start region for level 0
2013-09-01 20:59:38 [INFO] PowerHugus[/127.0.0.1:0] logged in with entity id 718020 at (-238.3860518940686, 71.0, 225.03649619972998)
2013-09-01 21:01:56 [INFO] Saving and pausing game...
2013-09-01 21:01:56 [INFO] Saving chunks for level 'New World'/Overworld
2013-09-01 21:01:56 [INFO] Saving chunks for level 'New World'/Nether
2013-09-01 21:01:56 [INFO] Saving chunks for level 'New World'/The End
2013-09-01 21:01:56 [INFO] Saving chunks for level 'New World'/Vethea
2013-09-01 21:01:56 [INFO] Saving chunks for level 'New World'/Iceika
2013-09-01 21:01:56 [INFO] Saving chunks for level 'New World'/Arcana
2013-09-01 21:01:56 [INFO] Saving chunks for level 'New World'/Augite
2013-09-01 21:01:56 [INFO] Saving chunks for level 'New World'/Mythril
2013-09-01 21:01:56 [INFO] Saving chunks for level 'New World'/Uvite
2013-09-01 21:01:56 [INFO] Saving chunks for level 'New World'/Azurite
2013-09-01 21:01:56 [INFO] Saving chunks for level 'New World'/Dravite
2013-09-01 21:02:50 [INFO] Saving and pausing game...
2013-09-01 21:02:50 [INFO] Saving chunks for level 'New World'/Overworld
2013-09-01 21:02:50 [INFO] Saving chunks for level 'New World'/Nether
2013-09-01 21:02:50 [INFO] Saving chunks for level 'New World'/The End
2013-09-01 21:02:50 [INFO] Saving chunks for level 'New World'/Vethea
2013-09-01 21:02:50 [INFO] Saving chunks for level 'New World'/Iceika
2013-09-01 21:02:50 [INFO] Saving chunks for level 'New World'/Arcana
2013-09-01 21:02:50 [INFO] Saving chunks for level 'New World'/Augite
2013-09-01 21:02:50 [INFO] Saving chunks for level 'New World'/Mythril
2013-09-01 21:02:50 [INFO] Saving chunks for level 'New World'/Uvite
2013-09-01 21:02:50 [INFO] Saving chunks for level 'New World'/Azurite
2013-09-01 21:02:50 [INFO] Saving chunks for level 'New World'/Dravite
2013-09-01 21:04:55 [INFO] Saving and pausing game...
2013-09-01 21:04:55 [INFO] Saving chunks for level 'New World'/Overworld
2013-09-01 21:04:55 [INFO] Saving chunks for level 'New World'/Nether
2013-09-01 21:04:55 [INFO] Saving chunks for level 'New World'/The End
2013-09-01 21:04:55 [INFO] Saving chunks for level 'New World'/Vethea
2013-09-01 21:04:55 [INFO] Saving chunks for level 'New World'/Iceika
2013-09-01 21:04:55 [INFO] Saving chunks for level 'New World'/Arcana
2013-09-01 21:04:55 [INFO] Saving chunks for level 'New World'/Augite
2013-09-01 21:04:55 [INFO] Saving chunks for level 'New World'/Mythril
2013-09-01 21:04:55 [INFO] Saving chunks for level 'New World'/Uvite
2013-09-01 21:04:55 [INFO] Saving chunks for level 'New World'/Azurite
2013-09-01 21:04:55 [INFO] Saving chunks for level 'New World'/Dravite
2013-09-01 21:07:49 [INFO] PowerHugus was slain by Frost
2013-09-01 21:08:33 [INFO] PowerHugus was slain by Frost
2013-09-01 21:19:02 [INFO] Saving and pausing game...
2013-09-01 21:19:02 [INFO] Saving chunks for level 'New World'/Overworld
2013-09-01 21:19:02 [INFO] Saving chunks for level 'New World'/Nether
2013-09-01 21:19:02 [INFO] Saving chunks for level 'New World'/The End
2013-09-01 21:19:02 [INFO] Saving chunks for level 'New World'/Vethea
2013-09-01 21:19:02 [INFO] Saving chunks for level 'New World'/Iceika
2013-09-01 21:19:02 [INFO] Saving chunks for level 'New World'/Arcana
2013-09-01 21:19:02 [INFO] Saving chunks for level 'New World'/Augite
2013-09-01 21:19:02 [INFO] Saving chunks for level 'New World'/Mythril
2013-09-01 21:19:02 [INFO] Saving chunks for level 'New World'/Uvite
2013-09-01 21:19:02 [INFO] Saving chunks for level 'New World'/Azurite
2013-09-01 21:19:02 [INFO] Saving chunks for level 'New World'/Dravite
2013-09-01 21:19:04 [INFO] PowerHugus lost connection: disconnect.quitting
2013-09-01 21:19:04 [INFO] Stopping singleplayer server as player logged out
2013-09-01 21:19:04 [INFO] Stopping server
2013-09-01 21:19:04 [INFO] Saving players
2013-09-01 21:19:04 [INFO] Saving worlds
2013-09-01 21:19:04 [INFO] Saving chunks for level 'New World'/Overworld
2013-09-01 21:19:04 [INFO] Saving chunks for level 'New World'/Nether
2013-09-01 21:19:04 [INFO] Saving chunks for level 'New World'/The End
2013-09-01 21:19:04 [INFO] Saving chunks for level 'New World'/Vethea
2013-09-01 21:19:04 [INFO] Saving chunks for level 'New World'/Iceika
2013-09-01 21:19:04 [INFO] Saving chunks for level 'New World'/Arcana
2013-09-01 21:19:04 [INFO] Saving chunks for level 'New World'/Augite
2013-09-01 21:19:04 [INFO] Saving chunks for level 'New World'/Mythril
2013-09-01 21:19:04 [INFO] Saving chunks for level 'New World'/Uvite
2013-09-01 21:19:04 [INFO] Saving chunks for level 'New World'/Azurite
2013-09-01 21:19:04 [INFO] Saving chunks for level 'New World'/Dravite
2013-09-01 21:21:21 [INFO] Starting integrated minecraft server version 1.4.7
2013-09-01 21:21:21 [INFO] Generating keypair
2013-09-01 21:21:21 [INFO] Preparing start region for level 0
2013-09-01 21:21:22 [INFO] PowerHugus[/127.0.0.1:0] logged in with entity id 1536303 at (-434.590348037896, 65.0, 164.3000000119209)
2013-09-01 21:21:23 [INFO] Saving and pausing game...
2013-09-01 21:21:23 [INFO] Saving chunks for level 'New World'/Overworld
2013-09-01 21:21:23 [INFO] Saving chunks for level 'New World'/Nether
2013-09-01 21:21:23 [INFO] Saving chunks for level 'New World'/The End
2013-09-01 21:21:23 [INFO] Saving chunks for level 'New World'/Vethea
2013-09-01 21:21:23 [INFO] Saving chunks for level 'New World'/Iceika
2013-09-01 21:21:23 [INFO] Saving chunks for level 'New World'/Arcana
2013-09-01 21:21:23 [INFO] Saving chunks for level 'New World'/Augite
2013-09-01 21:21:23 [INFO] Saving chunks for level 'New World'/Mythril
2013-09-01 21:21:23 [INFO] Saving chunks for level 'New World'/Uvite
2013-09-01 21:21:23 [INFO] Saving chunks for level 'New World'/Azurite
2013-09-01 21:21:23 [INFO] Saving chunks for level 'New World'/Dravite
2013-09-01 21:21:57 [INFO] Saving and pausing game...
2013-09-01 21:21:57 [INFO] Saving chunks for level 'New World'/Overworld
2013-09-01 21:21:57 [INFO] Saving chunks for level 'New World'/Nether
2013-09-01 21:21:57 [INFO] Saving chunks for level 'New World'/The End
2013-09-01 21:21:57 [INFO] Saving chunks for level 'New World'/Vethea
2013-09-01 21:21:57 [INFO] Saving chunks for level 'New World'/Iceika
2013-09-01 21:21:57 [INFO] Saving chunks for level 'New World'/Arcana
2013-09-01 21:21:57 [INFO] Saving chunks for level 'New World'/Augite
2013-09-01 21:21:57 [INFO] Saving chunks for level 'New World'/Mythril
2013-09-01 21:21:57 [INFO] Saving chunks for level 'New World'/Uvite
2013-09-01 21:21:57 [INFO] Saving chunks for level 'New World'/Azurite
2013-09-01 21:21:57 [INFO] Saving chunks for level 'New World'/Dravite
2013-09-01 21:22:58 [INFO] Saving and pausing game...
2013-09-01 21:22:58 [INFO] Saving chunks for level 'New World'/Overworld
2013-09-01 21:22:58 [INFO] Saving chunks for level 'New World'/Nether
2013-09-01 21:22:58 [INFO] Saving chunks for level 'New World'/The End
2013-09-01 21:22:58 [INFO] Saving chunks for level 'New World'/Vethea
2013-09-01 21:22:58 [INFO] Saving chunks for level 'New World'/Iceika
2013-09-01 21:22:58 [INFO] Saving chunks for level 'New World'/Arcana
2013-09-01 21:22:58 [INFO] Saving chunks for level 'New World'/Augite
2013-09-01 21:22:58 [INFO] Saving chunks for level 'New World'/Mythril
2013-09-01 21:22:58 [INFO] Saving chunks for level 'New World'/Uvite
2013-09-01 21:22:58 [INFO] Saving chunks for level 'New World'/Azurite
2013-09-01 21:22:58 [INFO] Saving chunks for level 'New World'/Dravite
2013-09-01 21:24:41 [INFO] Saving and pausing game...
2013-09-01 21:24:41 [INFO] Saving chunks for level 'New World'/Overworld
2013-09-01 21:24:41 [INFO] Saving chunks for level 'New World'/Nether
2013-09-01 21:24:41 [INFO] Saving chunks for level 'New World'/The End
2013-09-01 21:24:41 [INFO] Saving chunks for level 'New World'/Vethea
2013-09-01 21:24:41 [INFO] Saving chunks for level 'New World'/Iceika
2013-09-01 21:24:41 [INFO] Saving chunks for level 'New World'/Arcana
2013-09-01 21:24:41 [INFO] Saving chunks for level 'New World'/Augite
2013-09-01 21:24:41 [INFO] Saving chunks for level 'New World'/Mythril
2013-09-01 21:24:41 [INFO] Saving chunks for level 'New World'/Uvite
2013-09-01 21:24:41 [INFO] Saving chunks for level 'New World'/Azurite
2013-09-01 21:24:41 [INFO] Saving chunks for level 'New World'/Dravite
2013-09-01 21:27:20 [INFO] Saving and pausing game...
2013-09-01 21:27:20 [INFO] Saving chunks for level 'New World'/Overworld
2013-09-01 21:27:20 [INFO] Saving chunks for level 'New World'/Nether
2013-09-01 21:27:20 [INFO] Saving chunks for level 'New World'/The End
2013-09-01 21:27:20 [INFO] Saving chunks for level 'New World'/Vethea
2013-09-01 21:27:20 [INFO] Saving chunks for level 'New World'/Iceika
2013-09-01 21:27:20 [INFO] Saving chunks for level 'New World'/Arcana
2013-09-01 21:27:20 [INFO] Saving chunks for level 'New World'/Augite
2013-09-01 21:27:20 [INFO] Saving chunks for level 'New World'/Mythril
2013-09-01 21:27:20 [INFO] Saving chunks for level 'New World'/Uvite
2013-09-01 21:27:20 [INFO] Saving chunks for level 'New World'/Azurite
2013-09-01 21:27:20 [INFO] Saving chunks for level 'New World'/Dravite
2013-09-01 21:32:33 [INFO] Saving and pausing game...
2013-09-01 21:32:33 [INFO] Saving chunks for level 'New World'/Overworld
2013-09-01 21:32:33 [INFO] Saving chunks for level 'New World'/Nether
2013-09-01 21:32:33 [INFO] Saving chunks for level 'New World'/The End
2013-09-01 21:32:33 [INFO] Saving chunks for level 'New World'/Vethea
2013-09-01 21:32:33 [INFO] Saving chunks for level 'New World'/Iceika
2013-09-01 21:32:33 [INFO] Saving chunks for level 'New World'/Arcana
2013-09-01 21:32:33 [INFO] Saving chunks for level 'New World'/Augite
2013-09-01 21:32:33 [INFO] Saving chunks for level 'New World'/Mythril
2013-09-01 21:32:33 [INFO] Saving chunks for level 'New World'/Uvite
2013-09-01 21:32:33 [INFO] Saving chunks for level 'New World'/Azurite
2013-09-01 21:32:33 [INFO] Saving chunks for level 'New World'/Dravite
2013-09-01 21:32:34 [INFO] Stopping server
2013-09-01 21:32:34 [INFO] Saving players
2013-09-01 21:32:34 [INFO] Saving worlds
2013-09-01 21:32:34 [INFO] Saving chunks for level 'New World'/Overworld
2013-09-01 21:32:34 [INFO] Saving chunks for level 'New World'/Nether
2013-09-01 21:32:34 [INFO] Saving chunks for level 'New World'/The End
2013-09-01 21:32:34 [INFO] Saving chunks for level 'New World'/Vethea
2013-09-01 21:32:34 [INFO] Saving chunks for level 'New World'/Iceika
2013-09-01 21:32:34 [INFO] Saving chunks for level 'New World'/Arcana
2013-09-01 21:32:34 [INFO] Saving chunks for level 'New World'/Augite
2013-09-01 21:32:34 [INFO] Saving chunks for level 'New World'/Mythril
2013-09-01 21:32:34 [INFO] Saving chunks for level 'New World'/Uvite
2013-09-01 21:32:34 [INFO] Saving chunks for level 'New World'/Azurite
2013-09-01 21:32:34 [INFO] Saving chunks for level 'New World'/Dravite
2013-09-01 21:41:18 [INFO] Starting integrated minecraft server version 1.4.7
2013-09-01 21:41:18 [INFO] Generating keypair
2013-09-01 21:41:19 [INFO] Preparing start region for level 0
2013-09-01 21:41:19 [INFO] PowerHugus[/127.0.0.1:0] logged in with entity id 2052798 at (-435.30000001192093, 65.0, 160.47803319123912)
2013-09-01 21:41:21 [INFO] Saving and pausing game...
2013-09-01 21:41:21 [INFO] Saving chunks for level 'Start'/Overworld
2013-09-01 21:41:21 [INFO] Saving chunks for level 'Start'/Nether
2013-09-01 21:41:21 [INFO] Saving chunks for level 'Start'/The End
2013-09-01 21:41:21 [INFO] Saving chunks for level 'Start'/Vethea
2013-09-01 21:41:21 [INFO] Saving chunks for level 'Start'/Iceika
2013-09-01 21:41:21 [INFO] Saving chunks for level 'Start'/Arcana
2013-09-01 21:41:21 [INFO] Saving chunks for level 'Start'/Augite
2013-09-01 21:41:21 [INFO] Saving chunks for level 'Start'/Mythril
2013-09-01 21:41:21 [INFO] Saving chunks for level 'Start'/Uvite
2013-09-01 21:41:21 [INFO] Saving chunks for level 'Start'/Azurite
2013-09-01 21:41:21 [INFO] Saving chunks for level 'Start'/Dravite
2013-09-01 21:51:14 [INFO] Saving and pausing game...
2013-09-01 21:51:14 [INFO] Saving chunks for level 'Start'/Overworld
2013-09-01 21:51:14 [INFO] Saving chunks for level 'Start'/Nether
2013-09-01 21:51:14 [INFO] Saving chunks for level 'Start'/The End
2013-09-01 21:51:14 [INFO] Saving chunks for level 'Start'/Vethea
2013-09-01 21:51:14 [INFO] Saving chunks for level 'Start'/Iceika
2013-09-01 21:51:14 [INFO] Saving chunks for level 'Start'/Arcana
2013-09-01 21:51:14 [INFO] Saving chunks for level 'Start'/Augite
2013-09-01 21:51:14 [INFO] Saving chunks for level 'Start'/Mythril
2013-09-01 21:51:14 [INFO] Saving chunks for level 'Start'/Uvite
2013-09-01 21:51:14 [INFO] Saving chunks for level 'Start'/Azurite
2013-09-01 21:51:14 [INFO] Saving chunks for level 'Start'/Dravite
2013-09-01 21:52:59 [INFO] Saving and pausing game...
2013-09-01 21:52:59 [INFO] Saving chunks for level 'Start'/Overworld
2013-09-01 21:52:59 [INFO] Saving chunks for level 'Start'/Nether
2013-09-01 21:52:59 [INFO] Saving chunks for level 'Start'/The End
2013-09-01 21:52:59 [INFO] Saving chunks for level 'Start'/Vethea
2013-09-01 21:52:59 [INFO] Saving chunks for level 'Start'/Iceika
2013-09-01 21:52:59 [INFO] Saving chunks for level 'Start'/Arcana
2013-09-01 21:52:59 [INFO] Saving chunks for level 'Start'/Augite
2013-09-01 21:52:59 [INFO] Saving chunks for level 'Start'/Mythril
2013-09-01 21:52:59 [INFO] Saving chunks for level 'Start'/Uvite
2013-09-01 21:52:59 [INFO] Saving chunks for level 'Start'/Azurite
2013-09-01 21:52:59 [INFO] Saving chunks for level 'Start'/Dravite
2013-09-01 21:53:16 [INFO] Stopping server
2013-09-01 21:53:16 [INFO] Saving players
2013-09-01 21:53:16 [INFO] Saving worlds
2013-09-01 21:53:16 [INFO] Saving chunks for level 'Start'/Overworld
2013-09-01 21:53:16 [INFO] Saving chunks for level 'Start'/Nether
2013-09-01 21:53:16 [INFO] Saving chunks for level 'Start'/The End
2013-09-01 21:53:16 [INFO] Saving chunks for level 'Start'/Vethea
2013-09-01 21:53:16 [INFO] Saving chunks for level 'Start'/Iceika
2013-09-01 21:53:16 [INFO] Saving chunks for level 'Start'/Arcana
2013-09-01 21:53:16 [INFO] Saving chunks for level 'Start'/Augite
2013-09-01 21:53:16 [INFO] Saving chunks for level 'Start'/Mythril
2013-09-01 21:53:16 [INFO] Saving chunks for level 'Start'/Uvite
2013-09-01 21:53:16 [INFO] Saving chunks for level 'Start'/Azurite
2013-09-01 21:53:16 [INFO] Saving chunks for level 'Start'/Dravite
2013-09-02 11:39:41 [INFO] Starting integrated minecraft server version 1.4.7
2013-09-02 11:39:41 [INFO] Generating keypair
2013-09-02 11:39:44 [INFO] Preparing start region for level 0
2013-09-02 11:39:45 [INFO] Damage Indicators Mod v.2.4.8 is out of date. v.2.9.0.0 is now available.
2013-09-02 11:39:45 [INFO] PowerHugus[/127.0.0.1:0] logged in with entity id 263 at (-436.6952650505118, 66.0, 162.46260073901726)
2013-09-02 11:40:32 [INFO] PowerHugus was slain by Cyclops
2013-09-02 11:41:59 [INFO] PowerHugus was slain by Cyclops
2013-09-02 11:43:06 [INFO] Saving and pausing game...
2013-09-02 11:43:06 [INFO] Saving chunks for level 'Start'/Overworld
2013-09-02 11:43:06 [INFO] Saving chunks for level 'Start'/Nether
2013-09-02 11:43:06 [INFO] Saving chunks for level 'Start'/The End
2013-09-02 11:43:06 [INFO] Saving chunks for level 'Start'/Vethea
2013-09-02 11:43:06 [INFO] Saving chunks for level 'Start'/Iceika
2013-09-02 11:43:06 [INFO] Saving chunks for level 'Start'/Arcana
2013-09-02 11:43:06 [INFO] Saving chunks for level 'Start'/Augite
2013-09-02 11:43:06 [INFO] Saving chunks for level 'Start'/Mythril
2013-09-02 11:43:06 [INFO] Saving chunks for level 'Start'/Uvite
2013-09-02 11:43:06 [INFO] Saving chunks for level 'Start'/Azurite
2013-09-02 11:43:06 [INFO] Saving chunks for level 'Start'/Dravite
2013-09-02 11:43:07 [INFO] Stopping server
2013-09-02 11:43:07 [INFO] Saving players
2013-09-02 11:43:07 [INFO] Saving worlds
2013-09-02 11:43:07 [INFO] Saving chunks for level 'Start'/Overworld
2013-09-02 11:43:07 [INFO] Saving chunks for level 'Start'/Nether
2013-09-02 11:43:07 [INFO] Saving chunks for level 'Start'/The End
2013-09-02 11:43:07 [INFO] Saving chunks for level 'Start'/Vethea
2013-09-02 11:43:07 [INFO] Saving chunks for level 'Start'/Iceika
2013-09-02 11:43:07 [INFO] Saving chunks for level 'Start'/Arcana
2013-09-02 11:43:07 [INFO] Saving chunks for level 'Start'/Augite
2013-09-02 11:43:07 [INFO] Saving chunks for level 'Start'/Mythril
2013-09-02 11:43:07 [INFO] Saving chunks for level 'Start'/Uvite
2013-09-02 11:43:07 [INFO] Saving chunks for level 'Start'/Azurite
2013-09-02 11:43:07 [INFO] Saving chunks for level 'Start'/Dravite
2013-09-02 22:52:13 [INFO] Starting integrated minecraft server version 1.4.7
2013-09-02 22:52:13 [INFO] Generating keypair
2013-09-02 22:52:16 [INFO] Preparing start region for level 0
2013-09-02 22:52:17 [INFO] Damage Indicators Mod v.2.4.8 is out of date. v.2.9.0.0 is now available.
2013-09-02 22:52:17 [INFO] PowerHugus[/127.0.0.1:0] logged in with entity id 259 at (-434.9415538379076, 65.0, 163.49733812784973)
2013-09-02 22:54:48 [INFO] Saving and pausing game...
2013-09-02 22:54:48 [INFO] Saving chunks for level 'Start'/Overworld
2013-09-02 22:54:48 [INFO] Saving chunks for level 'Start'/Nether
2013-09-02 22:54:48 [INFO] Saving chunks for level 'Start'/The End
2013-09-02 22:54:48 [INFO] Saving chunks for level 'Start'/Vethea
2013-09-02 22:54:48 [INFO] Saving chunks for level 'Start'/Iceika
2013-09-02 22:54:48 [INFO] Saving chunks for level 'Start'/Arcana
2013-09-02 22:54:48 [INFO] Saving chunks for level 'Start'/Augite
2013-09-02 22:54:48 [INFO] Saving chunks for level 'Start'/Mythril
2013-09-02 22:54:48 [INFO] Saving chunks for level 'Start'/Uvite
2013-09-02 22:54:48 [INFO] Saving chunks for level 'Start'/Azurite
2013-09-02 22:54:48 [INFO] Saving chunks for level 'Start'/Dravite
2013-09-02 22:58:14 [INFO] Saving and pausing game...
2013-09-02 22:58:14 [INFO] Saving chunks for level 'Start'/Overworld
2013-09-02 22:58:14 [INFO] Saving chunks for level 'Start'/Nether
2013-09-02 22:58:14 [INFO] Saving chunks for level 'Start'/The End
2013-09-02 22:58:14 [INFO] Saving chunks for level 'Start'/Vethea
2013-09-02 22:58:14 [INFO] Saving chunks for level 'Start'/Iceika
2013-09-02 22:58:14 [INFO] Saving chunks for level 'Start'/Arcana
2013-09-02 22:58:14 [INFO] Saving chunks for level 'Start'/Augite
2013-09-02 22:58:14 [INFO] Saving chunks for level 'Start'/Mythril
2013-09-02 22:58:14 [INFO] Saving chunks for level 'Start'/Uvite
2013-09-02 22:58:14 [INFO] Saving chunks for level 'Start'/Azurite
2013-09-02 22:58:14 [INFO] Saving chunks for level 'Start'/Dravite
2013-09-02 22:59:49 [INFO] Saving and pausing game...
2013-09-02 22:59:49 [INFO] Saving chunks for level 'Start'/Overworld
2013-09-02 22:59:49 [INFO] Saving chunks for level 'Start'/Nether
2013-09-02 22:59:49 [INFO] Saving chunks for level 'Start'/The End
2013-09-02 22:59:49 [INFO] Saving chunks for level 'Start'/Vethea
2013-09-02 22:59:49 [INFO] Saving chunks for level 'Start'/Iceika
2013-09-02 22:59:49 [INFO] Saving chunks for level 'Start'/Arcana
2013-09-02 22:59:49 [INFO] Saving chunks for level 'Start'/Augite
2013-09-02 22:59:49 [INFO] Saving chunks for level 'Start'/Mythril
2013-09-02 22:59:49 [INFO] Saving chunks for level 'Start'/Uvite
2013-09-02 22:59:49 [INFO] Saving chunks for level 'Start'/Azurite
2013-09-02 22:59:49 [INFO] Saving chunks for level 'Start'/Dravite
2013-09-02 22:59:56 [INFO] Saving and pausing game...
2013-09-02 22:59:56 [INFO] Saving chunks for level 'Start'/Overworld
2013-09-02 22:59:56 [INFO] Saving chunks for level 'Start'/Nether
2013-09-02 22:59:56 [INFO] Saving chunks for level 'Start'/The End
2013-09-02 22:59:56 [INFO] Saving chunks for level 'Start'/Vethea
2013-09-02 22:59:56 [INFO] Saving chunks for level 'Start'/Iceika
2013-09-02 22:59:56 [INFO] Saving chunks for level 'Start'/Arcana
2013-09-02 22:59:56 [INFO] Saving chunks for level 'Start'/Augite
2013-09-02 22:59:56 [INFO] Saving chunks for level 'Start'/Mythril
2013-09-02 22:59:56 [INFO] Saving chunks for level 'Start'/Uvite
2013-09-02 22:59:56 [INFO] Saving chunks for level 'Start'/Azurite
2013-09-02 22:59:56 [INFO] Saving chunks for level 'Start'/Dravite
2013-09-02 23:02:05 [INFO] Saving and pausing game...
2013-09-02 23:02:05 [INFO] Saving chunks for level 'Start'/Overworld
2013-09-02 23:02:05 [INFO] Saving chunks for level 'Start'/Nether
2013-09-02 23:02:05 [INFO] Saving chunks for level 'Start'/The End
2013-09-02 23:02:05 [INFO] Saving chunks for level 'Start'/Vethea
2013-09-02 23:02:05 [INFO] Saving chunks for level 'Start'/Iceika
2013-09-02 23:02:05 [INFO] Saving chunks for level 'Start'/Arcana
2013-09-02 23:02:05 [INFO] Saving chunks for level 'Start'/Augite
2013-09-02 23:02:05 [INFO] Saving chunks for level 'Start'/Mythril
2013-09-02 23:02:05 [INFO] Saving chunks for level 'Start'/Uvite
2013-09-02 23:02:05 [INFO] Saving chunks for level 'Start'/Azurite
2013-09-02 23:02:05 [INFO] Saving chunks for level 'Start'/Dravite
2013-09-02 23:02:44 [INFO] Saving and pausing game...
2013-09-02 23:02:44 [INFO] Saving chunks for level 'Start'/Overworld
2013-09-02 23:02:44 [INFO] Saving chunks for level 'Start'/Nether
2013-09-02 23:02:44 [INFO] Saving chunks for level 'Start'/The End
2013-09-02 23:02:44 [INFO] Saving chunks for level 'Start'/Vethea
2013-09-02 23:02:44 [INFO] Saving chunks for level 'Start'/Iceika
2013-09-02 23:02:44 [INFO] Saving chunks for level 'Start'/Arcana
2013-09-02 23:02:44 [INFO] Saving chunks for level 'Start'/Augite
2013-09-02 23:02:44 [INFO] Saving chunks for level 'Start'/Mythril
2013-09-02 23:02:44 [INFO] Saving chunks for level 'Start'/Uvite
2013-09-02 23:02:44 [INFO] Saving chunks for level 'Start'/Azurite
2013-09-02 23:02:44 [INFO] Saving chunks for level 'Start'/Dravite
2013-09-02 23:12:16 [INFO] Saving and pausing game...
2013-09-02 23:12:16 [INFO] Saving chunks for level 'Start'/Overworld
2013-09-02 23:12:16 [INFO] Saving chunks for level 'Start'/Nether
2013-09-02 23:12:16 [INFO] Saving chunks for level 'Start'/The End
2013-09-02 23:12:16 [INFO] Saving chunks for level 'Start'/Vethea
2013-09-02 23:12:16 [INFO] Saving chunks for level 'Start'/Iceika
2013-09-02 23:12:16 [INFO] Saving chunks for level 'Start'/Arcana
2013-09-02 23:12:16 [INFO] Saving chunks for level 'Start'/Augite
2013-09-02 23:12:16 [INFO] Saving chunks for level 'Start'/Mythril
2013-09-02 23:12:16 [INFO] Saving chunks for level 'Start'/Uvite
2013-09-02 23:12:16 [INFO] Saving chunks for level 'Start'/Azurite
2013-09-02 23:12:16 [INFO] Saving chunks for level 'Start'/Dravite
2013-09-02 23:26:00 [INFO] PowerHugus was slain by PowerHugus
2013-09-02 23:27:04 [INFO] Saving and pausing game...
2013-09-02 23:27:04 [INFO] Saving chunks for level 'Start'/Overworld
2013-09-02 23:27:04 [INFO] Saving chunks for level 'Start'/Nether
2013-09-02 23:27:04 [INFO] Saving chunks for level 'Start'/The End
2013-09-02 23:27:04 [INFO] Saving chunks for level 'Start'/Vethea
2013-09-02 23:27:04 [INFO] Saving chunks for level 'Start'/Iceika
2013-09-02 23:27:04 [INFO] Saving chunks for level 'Start'/Arcana
2013-09-02 23:27:04 [INFO] Saving chunks for level 'Start'/Augite
2013-09-02 23:27:04 [INFO] Saving chunks for level 'Start'/Mythril
2013-09-02 23:27:04 [INFO] Saving chunks for level 'Start'/Uvite
2013-09-02 23:27:04 [INFO] Saving chunks for level 'Start'/Azurite
2013-09-02 23:27:04 [INFO] Saving chunks for level 'Start'/Dravite
2013-09-02 23:27:27 [INFO] Giving PowerHugus 64 of Glowstone
2013-09-02 23:29:48 [INFO] Giving PowerHugus 64 of Netherrack
2013-09-02 23:29:50 [INFO] Giving PowerHugus 64 of Portal
2013-09-02 23:30:12 [INFO] Giving PowerHugus 1 of Fury Maul 14 Melee Damage Infinite Uses
2013-09-02 23:30:19 [INFO] Giving PowerHugus 1 of Ender Sword Red 23 Melee Damage Infinite Uses
2013-09-02 23:30:26 [INFO] Giving PowerHugus 1 of Bluefire Sword 24 Melee Damage 3000 Uses
2013-09-02 23:30:31 [INFO] Giving PowerHugus 1 of Scorching Sword 26 Melee Damage 500 Uses
2013-09-02 23:30:47 [INFO] Giving PowerHugus 1 of Divine Sword 29 Melee Damage Infinite Uses
2013-09-02 23:30:55 [INFO] Giving PowerHugus 1 of SandSlash 32 Melee Damage 100 Uses
2013-09-02 23:32:30 [INFO] Saving and pausing game...
2013-09-02 23:32:30 [INFO] Saving chunks for level 'Start'/Overworld
2013-09-02 23:32:30 [INFO] Saving chunks for level 'Start'/Nether
2013-09-02 23:32:30 [INFO] Saving chunks for level 'Start'/The End
2013-09-02 23:32:30 [INFO] Saving chunks for level 'Start'/Vethea
2013-09-02 23:32:30 [INFO] Saving chunks for level 'Start'/Iceika
2013-09-02 23:32:30 [INFO] Saving chunks for level 'Start'/Arcana
2013-09-02 23:32:30 [INFO] Saving chunks for level 'Start'/Augite
2013-09-02 23:32:30 [INFO] Saving chunks for level 'Start'/Mythril
2013-09-02 23:32:30 [INFO] Saving chunks for level 'Start'/Uvite
2013-09-02 23:32:30 [INFO] Saving chunks for level 'Start'/Azurite
2013-09-02 23:32:30 [INFO] Saving chunks for level 'Start'/Dravite
2013-09-02 23:35:06 [INFO] Giving PowerHugus 1 of Divine Helmet 18.75% Damage Reduction Infinite Uses Full set: Adds 6 Melee Damage Full set: 2x Jump height Full set: Fall Damage Protection
2013-09-02 23:35:07 [INFO] Giving PowerHugus 1 of Divine Chest 18.75% Damage Reduction Infinite Uses Full set: Adds 6 Melee Damage Full set: 2x Jump height Full set: Fall Damage Protection
2013-09-02 23:35:08 [INFO] Giving PowerHugus 1 of Divine Legs 18.75% Damage Reduction Infinite Uses Full set: Adds 6 Melee Damage Full set: 2x Jump height Full set: Fall Damage Protection
2013-09-02 23:35:09 [INFO] Giving PowerHugus 1 of Divine Feet 18.75% Damage Reduction Infinite Uses Full set: Adds 6 Melee Damage Full set: 2x Jump height Full set: Fall Damage Protection
2013-09-02 23:37:31 [INFO] Saving and pausing game...
2013-09-02 23:37:31 [INFO] Saving chunks for level 'Start'/Overworld
2013-09-02 23:37:31 [INFO] Saving chunks for level 'Start'/Nether
2013-09-02 23:37:31 [INFO] Saving chunks for level 'Start'/The End
2013-09-02 23:37:31 [INFO] Saving chunks for level 'Start'/Vethea
2013-09-02 23:37:31 [INFO] Saving chunks for level 'Start'/Iceika
2013-09-02 23:37:31 [INFO] Saving chunks for level 'Start'/Arcana
2013-09-02 23:37:31 [INFO] Saving chunks for level 'Start'/Augite
2013-09-02 23:37:31 [INFO] Saving chunks for level 'Start'/Mythril
2013-09-02 23:37:31 [INFO] Saving chunks for level 'Start'/Uvite
2013-09-02 23:37:31 [INFO] Saving chunks for level 'Start'/Azurite
2013-09-02 23:37:31 [INFO] Saving chunks for level 'Start'/Dravite
2013-09-02 23:37:32 [INFO] Stopping server
2013-09-02 23:37:32 [INFO] Saving players
2013-09-02 23:37:32 [INFO] Saving worlds
2013-09-02 23:37:32 [INFO] Saving chunks for level 'Start'/Overworld
2013-09-02 23:37:32 [INFO] Saving chunks for level 'Start'/Nether
2013-09-02 23:37:32 [INFO] Saving chunks for level 'Start'/The End
2013-09-02 23:37:32 [INFO] Saving chunks for level 'Start'/Vethea
2013-09-02 23:37:32 [INFO] Saving chunks for level 'Start'/Iceika
2013-09-02 23:37:32 [INFO] Saving chunks for level 'Start'/Arcana
2013-09-02 23:37:32 [INFO] Saving chunks for level 'Start'/Augite
2013-09-02 23:37:32 [INFO] Saving chunks for level 'Start'/Mythril
2013-09-02 23:37:32 [INFO] Saving chunks for level 'Start'/Uvite
2013-09-02 23:37:32 [INFO] Saving chunks for level 'Start'/Azurite
2013-09-02 23:37:32 [INFO] Saving chunks for level 'Start'/Dravite
2013-09-03 15:09:31 [INFO] Starting integrated minecraft server version 1.4.7
2013-09-03 15:09:31 [INFO] Generating keypair
2013-09-03 15:09:34 [INFO] Preparing start region for level 0
2013-09-03 15:09:35 [INFO] Preparing spawn area: 76%
2013-09-03 15:09:35 [INFO] Damage Indicators was unable to check for updates!
2013-09-03 15:09:36 [INFO] PowerHugus[/127.0.0.1:0] logged in with entity id 266 at (-435.31503436708533, 65.0, 162.0624762509923)
2013-09-03 15:09:38 [INFO] Saving and pausing game...
2013-09-03 15:09:38 [INFO] Saving chunks for level 'Start'/Overworld
2013-09-03 15:09:38 [INFO] Saving chunks for level 'Start'/Nether
2013-09-03 15:09:38 [INFO] Saving chunks for level 'Start'/The End
2013-09-03 15:09:38 [INFO] Saving chunks for level 'Start'/Vethea
2013-09-03 15:09:38 [INFO] Saving chunks for level 'Start'/Iceika
2013-09-03 15:09:38 [INFO] Saving chunks for level 'Start'/Arcana
2013-09-03 15:09:38 [INFO] Saving chunks for level 'Start'/Augite
2013-09-03 15:09:38 [INFO] Saving chunks for level 'Start'/Mythril
2013-09-03 15:09:38 [INFO] Saving chunks for level 'Start'/Uvite
2013-09-03 15:09:38 [INFO] Saving chunks for level 'Start'/Azurite
2013-09-03 15:09:38 [INFO] Saving chunks for level 'Start'/Dravite
2013-09-03 15:15:21 [INFO] Saving and pausing game...
2013-09-03 15:15:21 [INFO] Saving chunks for level 'Start'/Overworld
2013-09-03 15:15:21 [INFO] Saving chunks for level 'Start'/Nether
2013-09-03 15:15:21 [INFO] Saving chunks for level 'Start'/The End
2013-09-03 15:15:21 [INFO] Saving chunks for level 'Start'/Vethea
2013-09-03 15:15:21 [INFO] Saving chunks for level 'Start'/Iceika
2013-09-03 15:15:21 [INFO] Saving chunks for level 'Start'/Arcana
2013-09-03 15:15:21 [INFO] Saving chunks for level 'Start'/Augite
2013-09-03 15:15:21 [INFO] Saving chunks for level 'Start'/Mythril
2013-09-03 15:15:21 [INFO] Saving chunks for level 'Start'/Uvite
2013-09-03 15:15:21 [INFO] Saving chunks for level 'Start'/Azurite
2013-09-03 15:15:21 [INFO] Saving chunks for level 'Start'/Dravite
2013-09-03 15:30:11 [INFO] Saving and pausing game...
2013-09-03 15:30:11 [INFO] Saving chunks for level 'Start'/Overworld
2013-09-03 15:30:11 [INFO] Saving chunks for level 'Start'/Nether
2013-09-03 15:30:11 [INFO] Saving chunks for level 'Start'/The End
2013-09-03 15:30:11 [INFO] Saving chunks for level 'Start'/Vethea
2013-09-03 15:30:11 [INFO] Saving chunks for level 'Start'/Iceika
2013-09-03 15:30:11 [INFO] Saving chunks for level 'Start'/Arcana
2013-09-03 15:30:11 [INFO] Saving chunks for level 'Start'/Augite
2013-09-03 15:30:11 [INFO] Saving chunks for level 'Start'/Mythril
2013-09-03 15:30:11 [INFO] Saving chunks for level 'Start'/Uvite
2013-09-03 15:30:11 [INFO] Saving chunks for level 'Start'/Azurite
2013-09-03 15:30:11 [INFO] Saving chunks for level 'Start'/Dravite
2013-09-03 15:30:19 [INFO] Saving and pausing game...
2013-09-03 15:30:19 [INFO] Saving chunks for level 'Start'/Overworld
2013-09-03 15:30:19 [INFO] Saving chunks for level 'Start'/Nether
2013-09-03 15:30:19 [INFO] Saving chunks for level 'Start'/The End
2013-09-03 15:30:19 [INFO] Saving chunks for level 'Start'/Vethea
2013-09-03 15:30:19 [INFO] Saving chunks for level 'Start'/Iceika
2013-09-03 15:30:19 [INFO] Saving chunks for level 'Start'/Arcana
2013-09-03 15:30:19 [INFO] Saving chunks for level 'Start'/Augite
2013-09-03 15:30:19 [INFO] Saving chunks for level 'Start'/Mythril
2013-09-03 15:30:19 [INFO] Saving chunks for level 'Start'/Uvite
2013-09-03 15:30:19 [INFO] Saving chunks for level 'Start'/Azurite
2013-09-03 15:30:19 [INFO] Saving chunks for level 'Start'/Dravite
2013-09-03 15:30:53 [INFO] Saving and pausing game...
2013-09-03 15:30:53 [INFO] Saving chunks for level 'Start'/Overworld
2013-09-03 15:30:53 [INFO] Saving chunks for level 'Start'/Nether
2013-09-03 15:30:53 [INFO] Saving chunks for level 'Start'/The End
2013-09-03 15:30:53 [INFO] Saving chunks for level 'Start'/Vethea
2013-09-03 15:30:53 [INFO] Saving chunks for level 'Start'/Iceika
2013-09-03 15:30:53 [INFO] Saving chunks for level 'Start'/Arcana
2013-09-03 15:30:53 [INFO] Saving chunks for level 'Start'/Augite
2013-09-03 15:30:53 [INFO] Saving chunks for level 'Start'/Mythril
2013-09-03 15:30:53 [INFO] Saving chunks for level 'Start'/Uvite
2013-09-03 15:30:53 [INFO] Saving chunks for level 'Start'/Azurite
2013-09-03 15:30:53 [INFO] Saving chunks for level 'Start'/Dravite
2013-09-03 16:12:15 [INFO] Saving and pausing game...
2013-09-03 16:12:15 [INFO] Saving chunks for level 'Start'/Overworld
2013-09-03 16:12:15 [INFO] Saving chunks for level 'Start'/Nether
2013-09-03 16:12:15 [INFO] Saving chunks for level 'Start'/The End
2013-09-03 16:12:15 [INFO] Saving chunks for level 'Start'/Vethea
2013-09-03 16:12:15 [INFO] Saving chunks for level 'Start'/Iceika
2013-09-03 16:12:15 [INFO] Saving chunks for level 'Start'/Arcana
2013-09-03 16:12:15 [INFO] Saving chunks for level 'Start'/Augite
2013-09-03 16:12:15 [INFO] Saving chunks for level 'Start'/Mythril
2013-09-03 16:12:15 [INFO] Saving chunks for level 'Start'/Uvite
2013-09-03 16:12:15 [INFO] Saving chunks for level 'Start'/Azurite
2013-09-03 16:12:15 [INFO] Saving chunks for level 'Start'/Dravite
2013-09-03 16:14:05 [INFO] Saving and pausing game...
2013-09-03 16:14:05 [INFO] Saving chunks for level 'Start'/Overworld
2013-09-03 16:14:05 [INFO] Saving chunks for level 'Start'/Nether
2013-09-03 16:14:05 [INFO] Saving chunks for level 'Start'/The End
2013-09-03 16:14:05 [INFO] Saving chunks for level 'Start'/Vethea
2013-09-03 16:14:05 [INFO] Saving chunks for level 'Start'/Iceika
2013-09-03 16:14:05 [INFO] Saving chunks for level 'Start'/Arcana
2013-09-03 16:14:05 [INFO] Saving chunks for level 'Start'/Augite
2013-09-03 16:14:05 [INFO] Saving chunks for level 'Start'/Mythril
2013-09-03 16:14:05 [INFO] Saving chunks for level 'Start'/Uvite
2013-09-03 16:14:05 [INFO] Saving chunks for level 'Start'/Azurite
2013-09-03 16:14:05 [INFO] Saving chunks for level 'Start'/Dravite
2013-09-03 16:25:20 [INFO] Giving PowerHugus 64 of Cookie
2013-09-03 16:25:25 [INFO] Saving and pausing game...
2013-09-03 16:25:25 [INFO] Saving chunks for level 'Start'/Overworld
2013-09-03 16:25:25 [INFO] Saving chunks for level 'Start'/Nether
2013-09-03 16:25:25 [INFO] Saving chunks for level 'Start'/The End
2013-09-03 16:25:25 [INFO] Saving chunks for level 'Start'/Vethea
2013-09-03 16:25:25 [INFO] Saving chunks for level 'Start'/Iceika
2013-09-03 16:25:25 [INFO] Saving chunks for level 'Start'/Arcana
2013-09-03 16:25:25 [INFO] Saving chunks for level 'Start'/Augite
2013-09-03 16:25:25 [INFO] Saving chunks for level 'Start'/Mythril
2013-09-03 16:25:25 [INFO] Saving chunks for level 'Start'/Uvite
2013-09-03 16:25:25 [INFO] Saving chunks for level 'Start'/Azurite
2013-09-03 16:25:25 [INFO] Saving chunks for level 'Start'/Dravite
2013-09-03 16:48:18 [INFO] Saving and pausing game...
2013-09-03 16:48:18 [INFO] Saving chunks for level 'Start'/Overworld
2013-09-03 16:48:18 [INFO] Saving chunks for level 'Start'/Nether
2013-09-03 16:48:18 [INFO] Saving chunks for level 'Start'/The End
2013-09-03 16:48:18 [INFO] Saving chunks for level 'Start'/Vethea
2013-09-03 16:48:18 [INFO] Saving chunks for level 'Start'/Iceika
2013-09-03 16:48:18 [INFO] Saving chunks for level 'Start'/Arcana
2013-09-03 16:48:18 [INFO] Saving chunks for level 'Start'/Augite
2013-09-03 16:48:18 [INFO] Saving chunks for level 'Start'/Mythril
2013-09-03 16:48:18 [INFO] Saving chunks for level 'Start'/Uvite
2013-09-03 16:48:18 [INFO] Saving chunks for level 'Start'/Azurite
2013-09-03 16:48:18 [INFO] Saving chunks for level 'Start'/Dravite
2013-09-03 16:58:27 [INFO] Saving and pausing game...
2013-09-03 16:58:27 [INFO] Saving chunks for level 'Start'/Overworld
2013-09-03 16:58:27 [INFO] Saving chunks for level 'Start'/Nether
2013-09-03 16:58:27 [INFO] Saving chunks for level 'Start'/The End
2013-09-03 16:58:27 [INFO] Saving chunks for level 'Start'/Vethea
2013-09-03 16:58:27 [INFO] Saving chunks for level 'Start'/Iceika
2013-09-03 16:58:27 [INFO] Saving chunks for level 'Start'/Arcana
2013-09-03 16:58:27 [INFO] Saving chunks for level 'Start'/Augite
2013-09-03 16:58:27 [INFO] Saving chunks for level 'Start'/Mythril
2013-09-03 16:58:27 [INFO] Saving chunks for level 'Start'/Uvite
2013-09-03 16:58:27 [INFO] Saving chunks for level 'Start'/Azurite
2013-09-03 16:58:27 [INFO] Saving chunks for level 'Start'/Dravite
2013-09-03 16:58:28 [INFO] Stopping server
2013-09-03 16:58:28 [INFO] Saving players
2013-09-03 16:58:28 [INFO] Saving worlds
2013-09-03 16:58:28 [INFO] Saving chunks for level 'Start'/Overworld
2013-09-03 16:58:28 [INFO] Saving chunks for level 'Start'/Nether
2013-09-03 16:58:28 [INFO] Saving chunks for level 'Start'/The End
2013-09-03 16:58:28 [INFO] Saving chunks for level 'Start'/Vethea
2013-09-03 16:58:28 [INFO] Saving chunks for level 'Start'/Iceika
2013-09-03 16:58:28 [INFO] Saving chunks for level 'Start'/Arcana
2013-09-03 16:58:28 [INFO] Saving chunks for level 'Start'/Augite
2013-09-03 16:58:28 [INFO] Saving chunks for level 'Start'/Mythril
2013-09-03 16:58:28 [INFO] Saving chunks for level 'Start'/Uvite
2013-09-03 16:58:28 [INFO] Saving chunks for level 'Start'/Azurite
2013-09-03 16:58:28 [INFO] Saving chunks for level 'Start'/Dravite
